handleUnknownRoute: "/assets/angular.png", 404:""
----------------------------------Using stored unhandled routes!.----------------------------------   To discover new routes in the angular app use "npm run scully -- --scanRoutes"



handleUnknownRoute: "/assets/angular.png", 404:""
handleUnknownRoute: "/assets/angular.png", 404:""
----------------------------------Using stored unhandled routes!.   To discover new routes in the angular app use "npm run scully -- --scanRoutes"----------------------------------



handleUnknownRoute: "/assets/angular.png", 404:""
handleUnknownRoute: "/assets/angular.png", 404:""
handleUnknownRoute: "/posts/2021-11-18-posts/index.html", 404:""
handleUnknownRoute: "/assets/angular.png", 404:""
handleUnknownRoute: "/posts/angular-and-scully/index.html", 404:""
handleUnknownRoute: "/posts/2021-11-18-posts/index.html", 404:""
handleUnknownRoute: "/posts/angular-and-scully/index.html", 404:""
handleUnknownRoute: "/posts/2021-11-18-posts/index.html", 404:""
----------------------------------Using stored unhandled routes!.   To discover new routes in the angular app use "npm run scully -- --scanRoutes"----------------------------------



handleUnknownRoute: "/assets/angular.png", 404:""
handleUnknownRoute: "/posts/2021-11-18-posts/index.html", 404:""
handleUnknownRoute: "/posts/angular-and-scully/index.html", 404:""
handleUnknownRoute: "/assets/angular.png", 404:""
handleUnknownRoute: "/assets/angular.png", 404:""
handleUnknownRoute: "/assets/angular.png", 404:""
handleUnknownRoute: "/assets/angular.png", 404:""
handleUnknownRoute: "/posts/2021-11-18-posts/index.html", 404:""
handleUnknownRoute: "/posts/angular-and-scully/index.html", 404:""
handleUnknownRoute: "/assets/angular.png", 404:""
----------------------------------Using stored unhandled routes!.   To discover new routes in the angular app use "npm run scully -- --scanRoutes"----------------------------------



handleUnknownRoute: "/assets/angular.png", 404:""
handleUnknownRoute: "/assets/angular.png", 404:""
handleUnknownRoute: "/posts/2021-11-18-posts/index.html", 404:""
handleUnknownRoute: "/posts/angular-and-scully/index.html", 404:""
handleUnknownRoute: "/posts/2021-11-18-posts/index.html", 404:""
handleUnknownRoute: "/posts/angular-and-scully/index.html", 404:""
handleUnknownRoute: "/assets/angular.png", 404:""
handleUnknownRoute: "/posts/2021-11-18-posts/index.html", 404:""
handleUnknownRoute: "/assets/angular.png", 404:""
----------------------------------Using stored unhandled routes!.   To discover new routes in the angular app use "npm run scully -- --scanRoutes"----------------------------------



handleUnknownRoute: "/assets/angular.png", 404:""
